<?xml version="1.0" encoding="UTF-8"?>
<!-- Generated by org.testng.reporters.JUnitReportReporter -->
<testsuite hostname="DESKTOP-92ROU2U" failures="0" tests="1" name="pos.scripts.ValidLogin" time="5.151" errors="0" timestamp="28 Jun 2023 03:30:55 GMT" skipped="0">
  <testcase classname="pos.scripts.ValidLogin" name="testValidLogin" time="5.151"/>
</testsuite> <!-- pos.scripts.ValidLogin -->
