<?xml version="1.0" encoding="UTF-8"?>
<!-- Generated by org.testng.reporters.JUnitReportReporter -->
<testsuite hostname="DESKTOP-92ROU2U" failures="0" tests="1" name="pos.scripts.POS_Suppliers_01" time="6.993" errors="0" timestamp="29 Jun 2023 05:24:20 GMT" skipped="0">
  <testcase classname="pos.scripts.POS_Suppliers_01" name="testPOS_Suppliers_01_Step1" time="6.993"/>
</testsuite> <!-- pos.scripts.POS_Suppliers_01 -->
