<?xml version="1.0" encoding="UTF-8"?>
<!-- Generated by org.testng.reporters.JUnitReportReporter -->
<testsuite hostname="DESKTOP-92ROU2U" failures="0" tests="1" name="pos.scripts.DemoTest" time="30.029" errors="0" timestamp="26 Jun 2023 04:48:51 GMT" skipped="0">
  <testcase classname="pos.scripts.DemoTest" name="testA" time="30.029"/>
</testsuite> <!-- pos.scripts.DemoTest -->
