<?xml version="1.0" encoding="UTF-8"?>
<!-- Generated by org.testng.reporters.JUnitReportReporter -->
<testsuite hostname="DESKTOP-92ROU2U" failures="0" tests="10" name="pos.scripts.POS_Login" time="28.730" errors="0" timestamp="29 Jun 2023 04:29:00 GMT" skipped="0">
  <testcase classname="pos.scripts.POS_Login" name="testPOS_Login_Step1" time="3.743"/>
  <testcase classname="pos.scripts.POS_Login" name="testPOS_Login_Step2" time="14.526"/>
  <testcase classname="pos.scripts.POS_Login" name="testPOS_Login_Step3" time="1.068"/>
  <testcase classname="pos.scripts.POS_Login" name="testPOS_Login_Step4" time="1.226"/>
  <testcase classname="pos.scripts.POS_Login" name="testPOS_Login_Step4" time="1.750"/>
  <testcase classname="pos.scripts.POS_Login" name="testPOS_Login_Step4" time="1.129"/>
  <testcase classname="pos.scripts.POS_Login" name="testPOS_Login_Step4" time="1.083"/>
  <testcase classname="pos.scripts.POS_Login" name="testPOS_Login_Step4" time="1.397"/>
  <testcase classname="pos.scripts.POS_Login" name="testPOS_Login_Step4" time="1.130"/>
  <testcase classname="pos.scripts.POS_Login" name="testPOS_Login_Step4" time="1.678"/>
</testsuite> <!-- pos.scripts.POS_Login -->
